.\Release\MH2_C_V17 DLL.bsc
D:\UT-Coding\MH2_C_V17\Src\.\Release\MH2_C_V17 DLL.dll.intermediate.manifest
D:\UT-Coding\MH2_C_V17\Src\Release\BscMake.command.1.tlog
D:\UT-Coding\MH2_C_V17\Src\Release\bscmake.read.1.tlog
D:\UT-Coding\MH2_C_V17\Src\Release\bscmake.write.1.tlog
D:\UT-Coding\MH2_C_V17\Src\Release\cl.command.1.tlog
D:\UT-Coding\MH2_C_V17\Src\Release\CL.read.1.tlog
D:\UT-Coding\MH2_C_V17\Src\Release\CL.write.1.tlog
D:\UT-Coding\MH2_C_V17\Src\Release\link.13200.read.1.tlog
D:\UT-Coding\MH2_C_V17\Src\Release\link.13200.write.1.tlog
D:\UT-Coding\MH2_C_V17\Src\Release\link.13200-cvtres.read.1.tlog
D:\UT-Coding\MH2_C_V17\Src\Release\link.13200-cvtres.write.1.tlog
D:\UT-Coding\MH2_C_V17\Src\Release\link.command.1.tlog
D:\UT-Coding\MH2_C_V17\Src\Release\link.read.1.tlog
D:\UT-Coding\MH2_C_V17\Src\Release\link.write.1.tlog
D:\UT-Coding\MH2_C_V17\Src\Release\link-cvtres.read.1.tlog
D:\UT-Coding\MH2_C_V17\Src\Release\link-cvtres.write.1.tlog
D:\UT-CODING\MH2_C_V17\SRC\RELEASE\MH2_C_V17 DLL.BSC
D:\UT-CODING\MH2_C_V17\SRC\RELEASE\MH2_C_V17 DLL.DLL.EMBED.MANIFEST
D:\UT-CODING\MH2_C_V17\SRC\RELEASE\MH2_C_V17 DLL.DLL.EMBED.MANIFEST.RES
D:\UT-CODING\MH2_C_V17\SRC\RELEASE\MH2_C_V17 DLL.DLL.INTERMEDIATE.MANIFEST
D:\UT-Coding\MH2_C_V17\Src\Release\MH2_C_V17 DLL.vcxprojResolveAssemblyReference.cache
D:\UT-Coding\MH2_C_V17\Src\Release\MH2_C_V17 DLL.write.1.tlog
D:\UT-Coding\MH2_C_V17\Src\Release\MH2_C_V17 DLL_manifest.rc
D:\UT-Coding\MH2_C_V17\Src\Release\MH2_C_V17.exp
D:\UT-Coding\MH2_C_V17\Src\Release\MH2_C_V17.lib
D:\UT-CODING\MH2_C_V17\SRC\RELEASE\MONSTERBASEPLUS.OBJ
D:\UT-CODING\MH2_C_V17\SRC\RELEASE\MONSTERBASEPLUS.SBR
D:\UT-Coding\MH2_C_V17\Src\Release\mt.command.1.tlog
D:\UT-Coding\MH2_C_V17\Src\Release\mt.read.1.tlog
D:\UT-Coding\MH2_C_V17\Src\Release\mt.write.1.tlog
D:\UT-Coding\MH2_C_V17\Src\Release\rc.command.1.tlog
D:\UT-Coding\MH2_C_V17\Src\Release\rc.read.1.tlog
D:\UT-Coding\MH2_C_V17\Src\Release\rc.write.1.tlog
D:\UT-CODING\MH2_C_V17\SRC\RELEASE\VC100.PDB
D:\UT-CODING\SYSTEM\MH2_C_V17.DLL
D:\UT-CODING\SYSTEM\MH2_C_V17.ILK
