Build started 2019-10-10 21:25:36.
     1>Project "D:\UT-Coding\MH2_C_V18\Src\MH2_C_V17 DLL.vcxproj" on node 2 (build target(s)).
     1>InitializeBuildStatus:
         Creating ".\Release\MH2_C_V17 DLL.unsuccessfulbuild" because "AlwaysCreate" was specified.
       ClCompile:
         E:\VS2010\VC\bin\CL.exe /c /I..\..\Core\Inc /I..\..\Engine\Inc /I..\Inc /Zi /nologo /W0 /WX- /O2 /Ob1 /Oy- /D WIN32 /D WINDOWS /D _WINDOWS /D UNICODE /D "MH2_C_V17_API=__declspec(dllexport)" /D _VC80_UPGRADE=0x0600 /D _WINDLL /D _UNICODE /D UNICODE /GF /Gm- /EHsc /MT /Zp4 /GS /Gy /fp:precise /Zc:wchar_t- /Zc:forScope /Fo".\Release\\" /Fd".\Release\vc100.pdb" /FR".\Release\\" /Gd /TP /analyze- /errorReport:prompt MonsterBasePlus.cpp
         MonsterBasePlus.cpp
       ManifestResourceCompile:
         All outputs are up-to-date.
     1>C:\Program Files (x86)\MSBuild\Microsoft.Cpp\v4.0\Microsoft.CppBuild.targets(990,5): warning MSB8012: TargetPath(D:\UT-Coding\MH2_C_V18\Src\.\Release\MH2_C_V17 DLL.dll) does not match the Linker's OutputFile property value (D:\UT-Coding\System\MH2_C_V18.dll). This may cause your project to build incorrectly. To correct this, please make sure that $(OutDir), $(TargetName) and $(TargetExt) property values match the value specified in %(Link.OutputFile).
     1>C:\Program Files (x86)\MSBuild\Microsoft.Cpp\v4.0\Microsoft.CppBuild.targets(992,5): warning MSB8012: TargetName(MH2_C_V17 DLL) does not match the Linker's OutputFile property value (MH2_C_V18). This may cause your project to build incorrectly. To correct this, please make sure that $(OutDir), $(TargetName) and $(TargetExt) property values match the value specified in %(Link.OutputFile).
       Link:
         E:\VS2010\VC\bin\link.exe /ERRORREPORT:PROMPT /OUT:"..\..\System/MH2_C_V18.dll" /INCREMENTAL /NOLOGO ..\..\Core\Lib\Core.lib ..\..\Engine\Lib\Engine.lib kernel32.lib user32.lib /MANIFEST /ManifestFile:".\Release\MH2_C_V17 DLL.dll.intermediate.manifest" /MANIFESTUAC:"level='asInvoker' uiAccess='false'" /PDB:"D:\UT-Coding\MH2_C_V18\Src\Release\MH2_C_V17 DLL.pdb" /SUBSYSTEM:CONSOLE /TLBID:1 /DYNAMICBASE /NXCOMPAT /IMPLIB:".\Release\MH2_C_V17.lib" /MACHINE:X86 /DLL ".\Release\MH2_C_V17 DLL.dll.embed.manifest.res"
         .\Release\MonsterBasePlus.obj
            Creating library .\Release\MH2_C_V17.lib and object .\Release\MH2_C_V17.exp
       Manifest:
         C:\Program Files (x86)\Microsoft SDKs\Windows\v7.0A\bin\mt.exe /nologo /verbose /out:".\Release\MH2_C_V17 DLL.dll.embed.manifest" /manifest ".\Release\MH2_C_V17 DLL.dll.intermediate.manifest"
         All outputs are up-to-date.
       LinkEmbedManifest:
         All outputs are up-to-date.
         MH2_C_V17 DLL.vcxproj -> D:\UT-Coding\MH2_C_V18\Src\.\Release\MH2_C_V17 DLL.dll
       BscMake:
         E:\VS2010\VC\bin\bscmake.exe /nologo /o".\Release\MH2_C_V17 DLL.bsc" .\Release\MonsterBasePlus.sbr
       FinalizeBuildStatus:
         Deleting file ".\Release\MH2_C_V17 DLL.unsuccessfulbuild".
         Touching ".\Release\MH2_C_V17 DLL.lastbuildstate".
     1>Done Building Project "D:\UT-Coding\MH2_C_V18\Src\MH2_C_V17 DLL.vcxproj" (build target(s)).

Build succeeded.

Time Elapsed 00:00:02.23
